{"level":"info","msg":"MT_SMS","msisdn":"6282322597751","request":"https://api.digitalcore.telkomsel.com/scrt/cp/submitSM.jsp?cpid=passindo\u0026msisdn=6282322597751\u0026pwd=P4ss_IndO\u0026sender=99790\u0026sid=VASREGGOALY_Subs\u0026sms=Anda+belum+terdaftar+di+layanan+GOALY%2C+daftarkan+dirimu+untuk+dapatkan+reward+menarik.+Ketik+REG%28spasi%29GOALY+ke+99790+CS%3A+02152922391\u0026tid=0","time":"2023-04-03T14:29:33+07:00"}
{"level":"info","msg":"MT_SMS","msisdn":"6282322597751","response":"5:2","time":"2023-04-03T14:29:33+07:00"}
{"level":"info","msg":"MT_SMS","msisdn":"6282322597751","request":"https://api.digitalcore.telkomsel.com/scrt/cp/submitSM.jsp?cpid=passindo\u0026msisdn=6282322597751\u0026pwd=P4ss_IndO\u0026sender=99790\u0026sid=VASREGGOALY_Subs\u0026sms=%282220%29+Gabung+di+GOALY+%26+dapat+reward+Exclusive%2C+klik%3A+https%3A%2F%2Ftsel.goaly.mobi%2F+%28berlaku%C2%A0tarif%C2%A0internet%29+PIN%3A+799523+Stop%3A+UNREG+GOALY+ke+99790+CS%3A02152922391\u0026tid=4013","time":"2023-04-03T14:29:43+07:00"}
{"level":"info","msg":"MT_SMS","msisdn":"6282322597751","response":"5:2","time":"2023-04-03T14:29:43+07:00"}
{"level":"info","msg":"MT_SMS","msisdn":"6282322597751","request":"https://api.digitalcore.telkomsel.com/scrt/cp/submitSM.jsp?cpid=passindo\u0026msisdn=6282322597751\u0026pwd=P4ss_IndO\u0026sender=99790\u0026sid=VASREGGOALY_Subs\u0026sms=%282220%29+Gabung+di+GOALY+%26+dapat+reward+Exclusive%2C+klik%3A+https%3A%2F%2Ftsel.goaly.mobi%2F+%28berlaku%C2%A0tarif%C2%A0internet%29+PIN%3A+230131+Stop%3A+UNREG+GOALY+ke+99790+CS%3A02152922391\u0026tid=4013","time":"2023-04-03T14:30:24+07:00"}
{"level":"info","msg":"MT_SMS","msisdn":"6282322597751","response":"5:2","time":"2023-04-03T14:30:24+07:00"}
{"level":"info","msg":"MT_SMS","msisdn":"6282322597751","request":"https://api.digitalcore.telkomsel.com/scrt/cp/submitSM.jsp?cpid=passindo\u0026msisdn=6282322597751\u0026pwd=P4ss_IndO\u0026sender=99790\u0026sid=VASREGGOALY_Subs\u0026sms=Keyword+Anda+salah.+Untuk+belangganan+layanan+GOALY%2C+ketik+REG%28spasi%29GOALY+kirim+ke+99790+CS%3A+021-52922391\u0026tid=0","time":"2023-04-03T14:36:40+07:00"}
{"level":"info","msg":"MT_SMS","msisdn":"6282322597751","response":"5:2","time":"2023-04-03T14:36:41+07:00"}
{"level":"info","msg":"MT_SMS","msisdn":"6282322597751","request":"https://api.digitalcore.telkomsel.com/scrt/cp/submitSM.jsp?cpid=passindo\u0026msisdn=6282322597751\u0026pwd=P4ss_IndO\u0026sender=99790\u0026sid=VASREGGOALY_Subs\u0026sms=%282220%29+Gabung+di+GOALY+%26+dapat+reward+Exclusive%2C+klik%3A+https%3A%2F%2Ftsel.goaly.mobi%2F+%28berlaku%C2%A0tarif%C2%A0internet%29+PIN%3A+799523+Stop%3A+UNREG+GOALY+ke+99790+CS%3A02152922391\u0026tid=4013","time":"2023-04-03T14:37:04+07:00"}
{"level":"info","msg":"MT_SMS","msisdn":"6282322597751","response":"5:2","time":"2023-04-03T14:37:05+07:00"}
{"level":"info","msg":"MT_SMS","msisdn":"6282322597751","request":"https://api.digitalcore.telkomsel.com/scrt/cp/submitSM.jsp?cpid=passindo\u0026msisdn=6282322597751\u0026pwd=P4ss_IndO\u0026sender=99790\u0026sid=VASREGGOALY_Subs\u0026sms=%282220%29+Gabung+di+GOALY+%26+dapat+reward+Exclusive%2C+klik%3A+https%3A%2F%2Ftsel.goaly.mobi%2F+%28berlaku%C2%A0tarif%C2%A0internet%29+PIN%3A+799523+Stop%3A+UNREG+GOALY+ke+99790+CS%3A02152922391\u0026tid=4013","time":"2023-04-03T14:39:10+07:00"}
{"level":"info","msg":"MT_SMS","msisdn":"6282322597751","response":"5:2","time":"2023-04-03T14:39:10+07:00"}
{"level":"info","msg":"MT_SMS","msisdn":"6282322597751","request":"https://api.digitalcore.telkomsel.com/scrt/cp/submitSM.jsp?cpid=passindo\u0026msisdn=6282322597751\u0026pwd=P4ss_IndO\u0026sender=99790\u0026sid=VASREGGOALY_Subs\u0026sms=%282220%29+Gabung+di+GOALY+%26+dapat+reward+Exclusive%2C+klik%3A+https%3A%2F%2Ftsel.goaly.mobi%2F+%28berlaku%C2%A0tarif%C2%A0internet%29+PIN%3A+799523+Stop%3A+UNREG+GOALY+ke+99790+CS%3A02152922391\u0026tid=4013","time":"2023-04-03T14:42:17+07:00"}
{"level":"info","msg":"MT_SMS","msisdn":"6282322597751","response":"5:2","time":"2023-04-03T14:42:18+07:00"}
{"level":"info","msg":"MT_SMS","msisdn":"6282322597751","request":"https://api.digitalcore.telkomsel.com/scrt/cp/submitSM.jsp?cpid=passindo\u0026msisdn=6282322597751\u0026pwd=P4ss_IndO\u0026sender=99790\u0026sid=VASREGGOALY_Subs\u0026sms=%282220%29+Gabung+di+GOALY+%26+dapat+reward+Exclusive%2C+klik%3A+https%3A%2F%2Ftsel.goaly.mobi%2F+%28berlaku%C2%A0tarif%C2%A0internet%29+PIN%3A+799523+Stop%3A+UNREG+GOALY+ke+99790+CS%3A02152922391\u0026tid=4013","time":"2023-04-03T14:43:32+07:00"}
{"level":"info","msg":"MT_SMS","msisdn":"6282322597751","response":"5:2","time":"2023-04-03T14:43:32+07:00"}
{"level":"info","msg":"MT_SMS","msisdn":"6282322597751","request":"https://api.digitalcore.telkomsel.com/scrt/cp/submitSM.jsp?cpid=passindo\u0026msisdn=6282322597751\u0026pwd=P4ss_IndO\u0026sender=99790\u0026sid=VASREGGOALY_Subs\u0026sms=Kamu+masih+terdaftar+di+layanan+REG+GOALY+tarif+Rp+2220+untuk+1SMS%2F2hari.+Untuk+berhenti+berlangganan+ketik+UNREG+GOALY+kirim%C2%A0ke%C2%A099790\u0026tid=0","time":"2023-04-03T14:43:38+07:00"}
{"level":"info","msg":"MT_SMS","msisdn":"6282322597751","response":"5:2","time":"2023-04-03T14:43:39+07:00"}
{"level":"info","msg":"MT_SMS","msisdn":"6282322597751","request":"https://api.digitalcore.telkomsel.com/scrt/cp/submitSM.jsp?cpid=passindo\u0026msisdn=6282322597751\u0026pwd=P4ss_IndO\u0026sender=99790\u0026sid=VASREGGOALY_Subs\u0026sms=Kamu+masih+terdaftar+di+layanan+REG+GOALY+tarif+Rp+2220+untuk+1SMS%2F2hari.+Untuk+berhenti+berlangganan+ketik+UNREG+GOALY+kirim%C2%A0ke%C2%A099790\u0026tid=0","time":"2023-04-03T14:43:54+07:00"}
{"level":"info","msg":"MT_SMS","msisdn":"6282322597751","response":"5:2","time":"2023-04-03T14:43:55+07:00"}
{"level":"info","msg":"MT_SMS","msisdn":"6282322597751","request":"https://api.digitalcore.telkomsel.com/scrt/cp/submitSM.jsp?cpid=passindo\u0026msisdn=6282322597751\u0026pwd=P4ss_IndO\u0026sender=99790\u0026sid=VASREGGOALY_Subs\u0026sms=Terima+kasih.+Anda+sudah+berhenti+berlangganan+GOALY.+CS%3A021-52922391\u0026tid=0","time":"2023-04-03T14:44:50+07:00"}
{"level":"info","msg":"MT_SMS","msisdn":"6282322597751","response":"5:2","time":"2023-04-03T14:44:51+07:00"}
{"level":"info","msg":"MT_SMS","msisdn":"6282322597751","request":"https://api.digitalcore.telkomsel.com/scrt/cp/submitSM.jsp?cpid=passindo\u0026msisdn=6282322597751\u0026pwd=P4ss_IndO\u0026sender=99790\u0026sid=VASREGGOALY_Subs\u0026sms=%282220%29+Gabung+di+GOALY+%26+dapat+reward+Exclusive%2C+klik%3A+https%3A%2F%2Ftsel.goaly.mobi%2F+%28berlaku%C2%A0tarif%C2%A0internet%29+PIN%3A+230131+Stop%3A+UNREG+GOALY+ke+99790+CS%3A02152922391\u0026tid=4013","time":"2023-04-03T14:45:17+07:00"}
{"level":"info","msg":"MT_SMS","msisdn":"6282322597751","response":"5:2","time":"2023-04-03T14:45:18+07:00"}
