{"level":"info","msg":"MO","request":{"sms":"reg goaly token:","adn":"99790","msisdn":"62812923145124","channel":"","trx_id":"","http_segment_number":"","http_segment_count":"","ip_address":""},"time":"2023-03-29T11:07:28+07:00"}
{"level":"info","msg":"MO","request":{"sms":"reg goaly token:","adn":"99790","msisdn":"62812923145124","channel":"","trx_id":"","http_segment_number":"","http_segment_count":"","ip_address":""},"time":"2023-03-29T11:07:33+07:00"}
{"level":"info","msg":"MO","request":{"sms":"reg goaly token:","adn":"99790","msisdn":"62812923145124","channel":"","trx_id":"","http_segment_number":"","http_segment_count":"","ip_address":""},"time":"2023-03-29T11:07:45+07:00"}
{"level":"info","msg":"MO","request":{"sms":"reg goaly token:","adn":"99790","msisdn":"62812923145124","channel":"","trx_id":"","http_segment_number":"","http_segment_count":"","ip_address":""},"time":"2023-03-29T11:08:58+07:00"}
{"level":"info","msg":"MO","request":{"sms":"reg goaly","adn":"99790","msisdn":"62812923145124","channel":"","trx_id":"","http_segment_number":"","http_segment_count":"","ip_address":""},"time":"2023-03-29T11:09:04+07:00"}
{"level":"info","msg":"MO","request":{"sms":"unreg goaly","adn":"99790","msisdn":"62812923145124","channel":"","trx_id":"","http_segment_number":"","http_segment_count":"","ip_address":""},"time":"2023-03-29T11:10:27+07:00"}
{"level":"info","msg":"MO","request":{"sms":"unreg goaly","adn":"99790","msisdn":"62812923145124","channel":"","trx_id":"","http_segment_number":"","http_segment_count":"","ip_address":""},"time":"2023-03-29T11:14:32+07:00"}
{"level":"info","msg":"MO","request":{"sms":"unreg goaly","adn":"99790","msisdn":"62812923145124","channel":"","trx_id":"","http_segment_number":"","http_segment_count":"","ip_address":""},"time":"2023-03-29T11:15:37+07:00"}
{"level":"info","msg":"MO","request":{"sms":"unreg goaly","adn":"99790","msisdn":"62812923145124","channel":"","trx_id":"","http_segment_number":"","http_segment_count":"","ip_address":""},"time":"2023-03-29T11:28:14+07:00"}
{"level":"info","msg":"MO","request":{"sms":"unreg goaly","adn":"99790","msisdn":"62812923145124","channel":"","trx_id":"","http_segment_number":"","http_segment_count":"","ip_address":""},"time":"2023-03-29T11:29:03+07:00"}
{"level":"info","msg":"MO","request":{"sms":"rereg goaly","adn":"99790","msisdn":"62812923145124","channel":"","trx_id":"","http_segment_number":"","http_segment_count":"","ip_address":""},"time":"2023-03-29T11:55:00+07:00"}
{"level":"info","msg":"MO","request":{"sms":"rereg goaly","adn":"99790","msisdn":"62812923145124","channel":"","trx_id":"","http_segment_number":"","http_segment_count":"","ip_address":""},"time":"2023-03-29T11:55:37+07:00"}
{"level":"info","msg":"MO","request":{"sms":"reg goalysd","adn":"99790","msisdn":"62812923145124","channel":"","trx_id":"","http_segment_number":"","http_segment_count":"","ip_address":""},"time":"2023-03-29T11:57:29+07:00"}
{"level":"info","msg":"MO","request":{"sms":"reg 1goalysd","adn":"99790","msisdn":"62812923145123","channel":"","trx_id":"","http_segment_number":"","http_segment_count":"","ip_address":""},"time":"2023-03-29T11:58:18+07:00"}
{"level":"info","msg":"MO","request":{"sms":"reg goaly","adn":"99790","msisdn":"62812923145123","channel":"","trx_id":"","http_segment_number":"","http_segment_count":"","ip_address":""},"time":"2023-03-29T14:31:07+07:00"}
{"level":"info","msg":"MO","request":{"sms":"REG GOALY token=8nwyycb3vga8pz4n7upm","adn":"99790","msisdn":"62812923145124","channel":"","trx_id":"","http_segment_number":"","http_segment_count":"","ip_address":""},"time":"2023-03-29T14:47:54+07:00"}
{"level":"info","msg":"MO","request":{"sms":"REG GOALY token=8nwyycb3vga8pz4n7upm","adn":"99790","msisdn":"62812923145124","channel":"","trx_id":"","http_segment_number":"","http_segment_count":"","ip_address":""},"time":"2023-03-29T14:48:51+07:00"}
{"level":"info","msg":"MO","request":{"sms":"REG GOALY token=8nwyycb3vga8pz4n7upm","adn":"99790","msisdn":"62812923145129","channel":"","trx_id":"","http_segment_number":"","http_segment_count":"","ip_address":""},"time":"2023-03-29T14:49:10+07:00"}
{"level":"info","msg":"MO","request":{"sms":"REG GOALY token=8nwyycb3vga8pz4n7upm","adn":"99790","msisdn":"62812923145127","channel":"","trx_id":"","http_segment_number":"","http_segment_count":"","ip_address":""},"time":"2023-03-29T14:52:22+07:00"}
{"level":"info","msg":"MO","request":{"sms":"REG GOALY token=8nwyycb3vga8pz4n7upm","adn":"99790","msisdn":"62812923145127","channel":"","trx_id":"","http_segment_number":"","http_segment_count":"","ip_address":""},"time":"2023-03-29T14:54:41+07:00"}
