{"level":"info","msg":"MO","request":{"sms":"Reg goaly","adn":"99790","msisdn":"6281292314530 ","channel":"","trx_id":"","http_segment_number":"","http_segment_count":"","ip_address":""},"time":"2023-03-28T10:44:39+07:00"}
{"level":"info","msg":"MO","request":{"sms":"Reg goaly","adn":"99790","msisdn":"6281292314530 ","channel":"","trx_id":"","http_segment_number":"","http_segment_count":"","ip_address":""},"time":"2023-03-28T10:49:36+07:00"}
{"level":"info","msg":"MO","request":{"sms":"asReg goaly","adn":"99790","msisdn":"6281292314530 ","channel":"","trx_id":"","http_segment_number":"","http_segment_count":"","ip_address":""},"time":"2023-03-28T10:50:26+07:00"}
{"level":"info","msg":"MO","request":{"sms":"asReg goaly","adn":"99790","msisdn":"6281292314530 ","channel":"","trx_id":"","http_segment_number":"","http_segment_count":"","ip_address":""},"time":"2023-03-28T10:50:51+07:00"}
{"level":"info","msg":"MO","request":{"sms":"Reg goaly","adn":"99790","msisdn":"6281292314530 ","channel":"","trx_id":"","http_segment_number":"","http_segment_count":"","ip_address":""},"time":"2023-03-28T10:51:26+07:00"}
{"level":"info","msg":"MO","request":{"sms":"unReg goaly","adn":"99790","msisdn":"6281292314530 ","channel":"","trx_id":"","http_segment_number":"","http_segment_count":"","ip_address":""},"time":"2023-03-28T10:51:41+07:00"}
{"level":"info","msg":"MO","request":{"sms":"reg goaly","adn":"99790","msisdn":"6281292314530 ","channel":"","trx_id":"","http_segment_number":"","http_segment_count":"","ip_address":""},"time":"2023-03-28T11:03:32+07:00"}
{"level":"info","msg":"MO","request":{"sms":"reg goaly","adn":"99790","msisdn":"6281292314530 ","channel":"","trx_id":"","http_segment_number":"","http_segment_count":"","ip_address":""},"time":"2023-03-28T11:04:22+07:00"}
{"level":"info","msg":"MO","request":{"sms":"reg goaly","adn":"99790","msisdn":"6281292314530 ","channel":"","trx_id":"","http_segment_number":"","http_segment_count":"","ip_address":""},"time":"2023-03-28T11:05:17+07:00"}
{"level":"info","msg":"MO","request":{"sms":"reg goaly","adn":"99790","msisdn":"6281292314530 ","channel":"","trx_id":"","http_segment_number":"","http_segment_count":"","ip_address":""},"time":"2023-03-28T11:05:58+07:00"}
{"level":"info","msg":"MO","request":{"sms":"reg goaly","adn":"99790","msisdn":"6281292314530 ","channel":"","trx_id":"","http_segment_number":"","http_segment_count":"","ip_address":""},"time":"2023-03-28T11:06:39+07:00"}
{"level":"info","msg":"MO","request":{"sms":"reg goaly","adn":"99790","msisdn":"6281292314530 ","channel":"","trx_id":"","http_segment_number":"","http_segment_count":"","ip_address":""},"time":"2023-03-28T11:07:47+07:00"}
{"level":"info","msg":"MO","request":{"sms":"reg goaly","adn":"99790","msisdn":"6281292314530 ","channel":"","trx_id":"","http_segment_number":"","http_segment_count":"","ip_address":""},"time":"2023-03-28T11:10:29+07:00"}
{"level":"info","msg":"MO","request":{"sms":"reg goaly","adn":"99790","msisdn":"6281292314530 ","channel":"","trx_id":"","http_segment_number":"","http_segment_count":"","ip_address":""},"time":"2023-03-28T11:11:16+07:00"}
{"level":"info","msg":"MO","request":{"sms":"reg goaly","adn":"99790","msisdn":"6281292314530 ","channel":"","trx_id":"","http_segment_number":"","http_segment_count":"","ip_address":""},"time":"2023-03-28T11:12:27+07:00"}
{"level":"info","msg":"MO","request":{"sms":"reg goaly","adn":"99790","msisdn":"6281292314511","channel":"","trx_id":"","http_segment_number":"","http_segment_count":"","ip_address":""},"time":"2023-03-28T11:17:22+07:00"}
{"level":"info","msg":"MO","request":{"sms":"reg goaly","adn":"99790","msisdn":"6281292314511","channel":"","trx_id":"","http_segment_number":"","http_segment_count":"","ip_address":""},"time":"2023-03-28T11:34:29+07:00"}
{"level":"info","msg":"MO","request":{"sms":"reg goaly","adn":"99790","msisdn":"6281292314511","channel":"","trx_id":"","http_segment_number":"","http_segment_count":"","ip_address":""},"time":"2023-03-28T11:35:14+07:00"}
{"level":"info","msg":"MO","request":{"sms":"reg goaly","adn":"99790","msisdn":"6281292314511","channel":"","trx_id":"","http_segment_number":"","http_segment_count":"","ip_address":""},"time":"2023-03-28T11:36:09+07:00"}
{"level":"info","msg":"MO","request":{"sms":"reg goaly","adn":"99790","msisdn":"6281292314511","channel":"","trx_id":"","http_segment_number":"","http_segment_count":"","ip_address":""},"time":"2023-03-28T11:36:42+07:00"}
{"level":"info","msg":"MO","request":{"sms":"reg goaly","adn":"99790","msisdn":"6281292314511","channel":"","trx_id":"","http_segment_number":"","http_segment_count":"","ip_address":""},"time":"2023-03-28T11:42:07+07:00"}
{"level":"info","msg":"MO","request":{"sms":"reg goaly","adn":"99790","msisdn":"6281292314511","channel":"","trx_id":"","http_segment_number":"","http_segment_count":"","ip_address":""},"time":"2023-03-28T11:42:38+07:00"}
{"level":"info","msg":"MO","request":{"sms":"reg goaly","adn":"99790","msisdn":"6281292314511","channel":"","trx_id":"","http_segment_number":"","http_segment_count":"","ip_address":""},"time":"2023-03-28T11:45:01+07:00"}
{"level":"info","msg":"MO","request":{"sms":"reg goaly","adn":"99790","msisdn":"6281292314511","channel":"","trx_id":"","http_segment_number":"","http_segment_count":"","ip_address":""},"time":"2023-03-28T11:48:20+07:00"}
{"level":"info","msg":"MO","request":{"sms":"reg goaly","adn":"99790","msisdn":"6281292314511","channel":"","trx_id":"","http_segment_number":"","http_segment_count":"","ip_address":""},"time":"2023-03-28T11:48:39+07:00"}
{"level":"info","msg":"MO","request":{"sms":"reg goaly","adn":"99790","msisdn":"6281292314511","channel":"","trx_id":"","http_segment_number":"","http_segment_count":"","ip_address":""},"time":"2023-03-28T11:49:59+07:00"}
{"level":"info","msg":"MO","request":{"sms":"reg goaly","adn":"99790","msisdn":"6281292314511","channel":"","trx_id":"","http_segment_number":"","http_segment_count":"","ip_address":""},"time":"2023-03-28T11:51:06+07:00"}
{"level":"info","msg":"MO","request":{"sms":"reg goaly","adn":"99790","msisdn":"6281292314511","channel":"","trx_id":"","http_segment_number":"","http_segment_count":"","ip_address":""},"time":"2023-03-28T11:51:15+07:00"}
{"level":"info","msg":"MO","request":{"sms":"reg goaly","adn":"99790","msisdn":"6281292314511","channel":"","trx_id":"","http_segment_number":"","http_segment_count":"","ip_address":""},"time":"2023-03-28T11:51:36+07:00"}
{"level":"info","msg":"MO","request":{"sms":"reg goaly","adn":"99790","msisdn":"6281292314511","channel":"","trx_id":"","http_segment_number":"","http_segment_count":"","ip_address":""},"time":"2023-03-28T11:53:03+07:00"}
{"level":"info","msg":"MO","request":{"sms":"reg goaly","adn":"99790","msisdn":"6281292314511","channel":"","trx_id":"","http_segment_number":"","http_segment_count":"","ip_address":""},"time":"2023-03-28T11:56:03+07:00"}
{"level":"info","msg":"MO","request":{"sms":"reg goaly","adn":"99790","msisdn":"6281292314511","channel":"","trx_id":"","http_segment_number":"","http_segment_count":"","ip_address":""},"time":"2023-03-28T12:00:52+07:00"}
{"level":"info","msg":"MO","request":{"sms":"reg goaly","adn":"99790","msisdn":"6281292314511","channel":"","trx_id":"","http_segment_number":"","http_segment_count":"","ip_address":""},"time":"2023-03-28T12:01:19+07:00"}
{"level":"info","msg":"MO","request":{"sms":"reg goaly","adn":"99790","msisdn":"6281292314511","channel":"","trx_id":"","http_segment_number":"","http_segment_count":"","ip_address":""},"time":"2023-03-28T12:02:47+07:00"}
{"level":"info","msg":"MO","request":{"sms":"reg goaly","adn":"99790","msisdn":"6281292314511","channel":"","trx_id":"","http_segment_number":"","http_segment_count":"","ip_address":""},"time":"2023-03-28T12:08:48+07:00"}
{"level":"info","msg":"MO","request":{"sms":"unreg goaly","adn":"99790","msisdn":"6281292314511","channel":"","trx_id":"","http_segment_number":"","http_segment_count":"","ip_address":""},"time":"2023-03-28T12:10:25+07:00"}
{"level":"info","msg":"MO","request":{"sms":"unreg goaly","adn":"99790","msisdn":"6281292314511","channel":"","trx_id":"","http_segment_number":"","http_segment_count":"","ip_address":""},"time":"2023-03-28T12:11:03+07:00"}
{"level":"info","msg":"MO","request":{"sms":"unreg goaly","adn":"99790","msisdn":"6281292314511","channel":"","trx_id":"","http_segment_number":"","http_segment_count":"","ip_address":""},"time":"2023-03-28T12:12:38+07:00"}
{"level":"info","msg":"MO","request":{"sms":"unreg goaly","adn":"99790","msisdn":"6281292314511","channel":"","trx_id":"","http_segment_number":"","http_segment_count":"","ip_address":""},"time":"2023-03-28T12:25:38+07:00"}
{"level":"info","msg":"MO","request":{"sms":"unreg goaly","adn":"99790","msisdn":"6281292314511","channel":"","trx_id":"","http_segment_number":"","http_segment_count":"","ip_address":""},"time":"2023-03-28T12:26:37+07:00"}
{"level":"info","msg":"MO","request":{"sms":"unreg goaly","adn":"99790","msisdn":"6281292314511","channel":"","trx_id":"","http_segment_number":"","http_segment_count":"","ip_address":""},"time":"2023-03-28T12:27:57+07:00"}
{"level":"info","msg":"MO","request":{"sms":"unreg goaly","adn":"99790","msisdn":"6281292314511","channel":"","trx_id":"","http_segment_number":"","http_segment_count":"","ip_address":""},"time":"2023-03-28T12:28:27+07:00"}
{"level":"info","msg":"MO","request":{"sms":"unreg goaly","adn":"99790","msisdn":"6281292314511","channel":"","trx_id":"","http_segment_number":"","http_segment_count":"","ip_address":""},"time":"2023-03-28T12:30:54+07:00"}
{"level":"info","msg":"MO","request":{"sms":"reg goaly token:111","adn":"99790","msisdn":"62812923145110","channel":"","trx_id":"","http_segment_number":"","http_segment_count":"","ip_address":""},"time":"2023-03-28T12:34:28+07:00"}
{"level":"info","msg":"MO","request":{"sms":"reg goaly token:111","adn":"99790","msisdn":"62812923145110","channel":"","trx_id":"","http_segment_number":"","http_segment_count":"","ip_address":""},"time":"2023-03-28T12:35:13+07:00"}
{"level":"info","msg":"MO","request":{"sms":"reg goaly token:111","adn":"99790","msisdn":"62812923145110","channel":"","trx_id":"","http_segment_number":"","http_segment_count":"","ip_address":""},"time":"2023-03-28T12:37:29+07:00"}
{"level":"info","msg":"MO","request":{"sms":"reg goaly token:111","adn":"99790","msisdn":"62812923145110","channel":"","trx_id":"","http_segment_number":"","http_segment_count":"","ip_address":""},"time":"2023-03-28T12:37:40+07:00"}
{"level":"info","msg":"MO","request":{"sms":"reg goaly token:111","adn":"99790","msisdn":"62812923145110","channel":"","trx_id":"","http_segment_number":"","http_segment_count":"","ip_address":""},"time":"2023-03-28T12:43:33+07:00"}
{"level":"info","msg":"MO","request":{"sms":"reg goaly token:111","adn":"99790","msisdn":"62812923145110","channel":"","trx_id":"","http_segment_number":"","http_segment_count":"","ip_address":""},"time":"2023-03-28T12:43:36+07:00"}
{"level":"info","msg":"MO","request":{"sms":"reg goaly token:111","adn":"99790","msisdn":"62812923145110","channel":"","trx_id":"","http_segment_number":"","http_segment_count":"","ip_address":""},"time":"2023-03-28T12:44:47+07:00"}
{"level":"info","msg":"MO","request":{"sms":"reg goaly token:111","adn":"99790","msisdn":"62812923145110","channel":"","trx_id":"","http_segment_number":"","http_segment_count":"","ip_address":""},"time":"2023-03-28T12:46:18+07:00"}
{"level":"info","msg":"MO","request":{"sms":"riieg goaly token:111","adn":"99790","msisdn":"62812923145110","channel":"","trx_id":"","http_segment_number":"","http_segment_count":"","ip_address":""},"time":"2023-03-28T12:47:13+07:00"}
{"level":"info","msg":"MO","request":{"sms":"riieg goaly token:111","adn":"99790","msisdn":"62812923145110","channel":"","trx_id":"","http_segment_number":"","http_segment_count":"","ip_address":""},"time":"2023-03-28T12:47:59+07:00"}
{"level":"info","msg":"MO","request":{"sms":"riieg goaly token:111","adn":"99790","msisdn":"62812923145110","channel":"","trx_id":"","http_segment_number":"","http_segment_count":"","ip_address":""},"time":"2023-03-28T12:48:23+07:00"}
{"level":"info","msg":"MO","request":{"sms":"riieg goaly token:111","adn":"99790","msisdn":"62812923145110","channel":"","trx_id":"","http_segment_number":"","http_segment_count":"","ip_address":""},"time":"2023-03-28T12:48:55+07:00"}
{"level":"info","msg":"MO","request":{"sms":"reg goaly token:111","adn":"99790","msisdn":"62812923145110","channel":"","trx_id":"","http_segment_number":"","http_segment_count":"","ip_address":""},"time":"2023-03-28T12:49:04+07:00"}
{"level":"info","msg":"MO","request":{"sms":"reg goaly","adn":"99790","msisdn":"62812923145110","channel":"","trx_id":"","http_segment_number":"","http_segment_count":"","ip_address":""},"time":"2023-03-28T12:50:43+07:00"}
{"level":"info","msg":"MO","request":{"sms":"reg goaly","adn":"99790","msisdn":"62812923145110","channel":"","trx_id":"","http_segment_number":"","http_segment_count":"","ip_address":""},"time":"2023-03-28T12:52:47+07:00"}
{"level":"info","msg":"MO","request":{"sms":"reg goaly token:","adn":"99790","msisdn":"62812923145110","channel":"","trx_id":"","http_segment_number":"","http_segment_count":"","ip_address":""},"time":"2023-03-28T12:53:06+07:00"}
{"level":"info","msg":"MO","request":{"sms":"reg goaly token:","adn":"99790","msisdn":"62812923145110","channel":"","trx_id":"","http_segment_number":"","http_segment_count":"","ip_address":""},"time":"2023-03-28T12:54:00+07:00"}
{"level":"info","msg":"MO","request":{"sms":"reg goaly token:","adn":"99790","msisdn":"62812923145110","channel":"","trx_id":"","http_segment_number":"","http_segment_count":"","ip_address":""},"time":"2023-03-28T12:54:05+07:00"}
{"level":"info","msg":"MO","request":{"sms":"reg goaly token:","adn":"99790","msisdn":"62812923145110","channel":"","trx_id":"","http_segment_number":"","http_segment_count":"","ip_address":""},"time":"2023-03-28T12:54:34+07:00"}
{"level":"info","msg":"MO","request":{"sms":"reg goaly token:","adn":"99790","msisdn":"62812923145110","channel":"","trx_id":"","http_segment_number":"","http_segment_count":"","ip_address":""},"time":"2023-03-28T12:55:11+07:00"}
{"level":"info","msg":"MO","request":{"sms":"reg goaly token:","adn":"99790","msisdn":"62812923145110","channel":"","trx_id":"","http_segment_number":"","http_segment_count":"","ip_address":""},"time":"2023-03-28T12:55:54+07:00"}
{"level":"info","msg":"MO","request":{"sms":"reg goaly token:","adn":"99790","msisdn":"62812923145110","channel":"","trx_id":"","http_segment_number":"","http_segment_count":"","ip_address":""},"time":"2023-03-28T12:57:17+07:00"}
{"level":"info","msg":"MO","request":{"sms":"reg goaly token:","adn":"99790","msisdn":"62812923145110","channel":"","trx_id":"","http_segment_number":"","http_segment_count":"","ip_address":""},"time":"2023-03-28T12:57:28+07:00"}
{"level":"info","msg":"MO","request":{"sms":"reg goaly","adn":"99790","msisdn":"62812923145110","channel":"","trx_id":"","http_segment_number":"","http_segment_count":"","ip_address":""},"time":"2023-03-28T12:58:03+07:00"}
{"level":"info","msg":"MO","request":{"sms":"reg goaly","adn":"99790","msisdn":"62812923145110","channel":"","trx_id":"","http_segment_number":"","http_segment_count":"","ip_address":""},"time":"2023-03-28T12:58:25+07:00"}
{"level":"info","msg":"MO","request":{"sms":"reg goaly","adn":"99790","msisdn":"62812923145110","channel":"","trx_id":"","http_segment_number":"","http_segment_count":"","ip_address":""},"time":"2023-03-28T12:59:37+07:00"}
{"level":"info","msg":"MO","request":{"sms":"reg goaly","adn":"99790","msisdn":"62812923145110","channel":"","trx_id":"","http_segment_number":"","http_segment_count":"","ip_address":""},"time":"2023-03-28T13:01:15+07:00"}
{"level":"info","msg":"MO","request":{"sms":"reg goaly","adn":"99790","msisdn":"62812923145110","channel":"","trx_id":"","http_segment_number":"","http_segment_count":"","ip_address":""},"time":"2023-03-28T13:01:21+07:00"}
{"level":"info","msg":"MO","request":{"sms":"reg goaly","adn":"99790","msisdn":"62812923145110","channel":"","trx_id":"","http_segment_number":"","http_segment_count":"","ip_address":""},"time":"2023-03-28T13:06:10+07:00"}
{"level":"info","msg":"MO","request":{"sms":"reg goaly","adn":"99790","msisdn":"62812923145110","channel":"","trx_id":"","http_segment_number":"","http_segment_count":"","ip_address":""},"time":"2023-03-28T13:06:32+07:00"}
{"level":"info","msg":"MO","request":{"sms":"reg goaly","adn":"99790","msisdn":"62812923145110","channel":"","trx_id":"","http_segment_number":"","http_segment_count":"","ip_address":""},"time":"2023-03-28T13:07:42+07:00"}
{"level":"info","msg":"MO","request":{"sms":"reg goaly","adn":"99790","msisdn":"62812923145110","channel":"","trx_id":"","http_segment_number":"","http_segment_count":"","ip_address":""},"time":"2023-03-28T13:09:02+07:00"}
{"level":"info","msg":"MO","request":{"sms":"reg goaly","adn":"99790","msisdn":"62812923145110","channel":"","trx_id":"","http_segment_number":"","http_segment_count":"","ip_address":""},"time":"2023-03-28T13:09:51+07:00"}
{"level":"info","msg":"MO","request":{"sms":"reg goaly","adn":"99790","msisdn":"62812923145111","channel":"","trx_id":"","http_segment_number":"","http_segment_count":"","ip_address":""},"time":"2023-03-28T13:10:29+07:00"}
{"level":"info","msg":"MO","request":{"sms":"reg goaly","adn":"99790","msisdn":"62812923145111","channel":"","trx_id":"","http_segment_number":"","http_segment_count":"","ip_address":""},"time":"2023-03-28T13:11:22+07:00"}
{"level":"info","msg":"MO","request":{"sms":"reg goaly","adn":"99790","msisdn":"62812923145111","channel":"","trx_id":"","http_segment_number":"","http_segment_count":"","ip_address":""},"time":"2023-03-28T13:11:38+07:00"}
{"level":"info","msg":"MO","request":{"sms":"reg goaly","adn":"99790","msisdn":"62812923145111","channel":"","trx_id":"","http_segment_number":"","http_segment_count":"","ip_address":""},"time":"2023-03-28T13:14:42+07:00"}
{"level":"info","msg":"MO","request":{"sms":"reg goaly","adn":"99790","msisdn":"62812923145111","channel":"","trx_id":"","http_segment_number":"","http_segment_count":"","ip_address":""},"time":"2023-03-28T13:16:52+07:00"}
{"level":"info","msg":"MO","request":{"sms":"reg goaly","adn":"99790","msisdn":"62812923145111","channel":"","trx_id":"","http_segment_number":"","http_segment_count":"","ip_address":""},"time":"2023-03-28T13:16:59+07:00"}
{"level":"info","msg":"MO","request":{"sms":"reg goaly","adn":"99790","msisdn":"62812923145111","channel":"","trx_id":"","http_segment_number":"","http_segment_count":"","ip_address":""},"time":"2023-03-28T13:26:24+07:00"}
{"level":"info","msg":"MO","request":{"sms":"reg goaly","adn":"99790","msisdn":"62812923145111","channel":"","trx_id":"","http_segment_number":"","http_segment_count":"","ip_address":""},"time":"2023-03-28T13:26:35+07:00"}
{"level":"info","msg":"MO","request":{"sms":"reg goaly","adn":"99790","msisdn":"62812923145111","channel":"","trx_id":"","http_segment_number":"","http_segment_count":"","ip_address":""},"time":"2023-03-28T13:26:50+07:00"}
{"level":"info","msg":"MO","request":{"sms":"reg goaly","adn":"99790","msisdn":"62812923145111","channel":"","trx_id":"","http_segment_number":"","http_segment_count":"","ip_address":""},"time":"2023-03-28T13:27:48+07:00"}
{"level":"info","msg":"MO","request":{"sms":"reg goaly","adn":"99790","msisdn":"62812923145111","channel":"","trx_id":"","http_segment_number":"","http_segment_count":"","ip_address":""},"time":"2023-03-28T13:27:55+07:00"}
{"level":"info","msg":"MO","request":{"sms":"reg goaly","adn":"99790","msisdn":"62812923145111","channel":"","trx_id":"","http_segment_number":"","http_segment_count":"","ip_address":""},"time":"2023-03-28T13:28:03+07:00"}
{"level":"info","msg":"MO","request":{"sms":"reg goaly","adn":"99790","msisdn":"62812923145111","channel":"","trx_id":"","http_segment_number":"","http_segment_count":"","ip_address":""},"time":"2023-03-28T13:29:48+07:00"}
{"level":"info","msg":"MO","request":{"sms":"reg goaly","adn":"99790","msisdn":"62812923145110","channel":"","trx_id":"","http_segment_number":"","http_segment_count":"","ip_address":""},"time":"2023-03-28T13:29:52+07:00"}
{"level":"info","msg":"MO","request":{"sms":"reg goaly","adn":"99790","msisdn":"62812923145110","channel":"","trx_id":"","http_segment_number":"","http_segment_count":"","ip_address":""},"time":"2023-03-28T13:31:49+07:00"}
{"level":"info","msg":"MO","request":{"sms":"reg goaly","adn":"99790","msisdn":"62812923145110","channel":"","trx_id":"","http_segment_number":"","http_segment_count":"","ip_address":""},"time":"2023-03-28T13:31:54+07:00"}
{"level":"info","msg":"MO","request":{"sms":"reg goaly","adn":"99790","msisdn":"62812923145119","channel":"","trx_id":"","http_segment_number":"","http_segment_count":"","ip_address":""},"time":"2023-03-28T13:31:59+07:00"}
{"level":"info","msg":"MO","request":{"sms":"reg goaly","adn":"99790","msisdn":"62812923145119","channel":"","trx_id":"","http_segment_number":"","http_segment_count":"","ip_address":""},"time":"2023-03-28T13:34:44+07:00"}
{"level":"info","msg":"MO","request":{"sms":"reg goaly","adn":"99790","msisdn":"62812923145118","channel":"","trx_id":"","http_segment_number":"","http_segment_count":"","ip_address":""},"time":"2023-03-28T13:34:52+07:00"}
{"level":"info","msg":"MO","request":{"sms":"reg goaly","adn":"99790","msisdn":"62812923145118","channel":"","trx_id":"","http_segment_number":"","http_segment_count":"","ip_address":""},"time":"2023-03-28T13:36:40+07:00"}
{"level":"info","msg":"MO","request":{"sms":"reg goaly","adn":"99790","msisdn":"62812923145119","channel":"","trx_id":"","http_segment_number":"","http_segment_count":"","ip_address":""},"time":"2023-03-28T13:36:45+07:00"}
{"level":"info","msg":"MO","request":{"sms":"reg goaly","adn":"99790","msisdn":"62812923145119","channel":"","trx_id":"","http_segment_number":"","http_segment_count":"","ip_address":""},"time":"2023-03-28T13:36:50+07:00"}
{"level":"info","msg":"MO","request":{"sms":"reg goaly","adn":"99790","msisdn":"62812923145119","channel":"","trx_id":"","http_segment_number":"","http_segment_count":"","ip_address":""},"time":"2023-03-28T13:36:55+07:00"}
{"level":"info","msg":"MO","request":{"sms":"reg goaly","adn":"99790","msisdn":"62812923145119","channel":"","trx_id":"","http_segment_number":"","http_segment_count":"","ip_address":""},"time":"2023-03-28T13:37:12+07:00"}
{"level":"info","msg":"MO","request":{"sms":"reg goaly","adn":"99790","msisdn":"62812923145119","channel":"","trx_id":"","http_segment_number":"","http_segment_count":"","ip_address":""},"time":"2023-03-28T13:38:24+07:00"}
{"level":"info","msg":"MO","request":{"sms":"reg goaly","adn":"99790","msisdn":"62812923145120","channel":"","trx_id":"","http_segment_number":"","http_segment_count":"","ip_address":""},"time":"2023-03-28T13:38:46+07:00"}
{"level":"info","msg":"MO","request":{"sms":"reg goaly","adn":"99790","msisdn":"62812923145120","channel":"","trx_id":"","http_segment_number":"","http_segment_count":"","ip_address":""},"time":"2023-03-28T13:41:21+07:00"}
{"level":"info","msg":"MO","request":{"sms":"reg goaly token:","adn":"99790","msisdn":"62812923145120","channel":"","trx_id":"","http_segment_number":"","http_segment_count":"","ip_address":""},"time":"2023-03-28T13:41:44+07:00"}
{"level":"info","msg":"MO","request":{"sms":"reg goaly token:","adn":"99790","msisdn":"62812923145121","channel":"","trx_id":"","http_segment_number":"","http_segment_count":"","ip_address":""},"time":"2023-03-28T13:41:55+07:00"}
{"level":"info","msg":"MO","request":{"sms":"reg goaly token:","adn":"99790","msisdn":"62812923145121","channel":"","trx_id":"","http_segment_number":"","http_segment_count":"","ip_address":""},"time":"2023-03-28T13:47:38+07:00"}
{"level":"info","msg":"MO","request":{"sms":"reg goaly token:","adn":"99790","msisdn":"62812923145121","channel":"","trx_id":"","http_segment_number":"","http_segment_count":"","ip_address":""},"time":"2023-03-28T13:47:39+07:00"}
{"level":"info","msg":"MO","request":{"sms":"reg goaly token:","adn":"99790","msisdn":"62812923145122","channel":"","trx_id":"","http_segment_number":"","http_segment_count":"","ip_address":""},"time":"2023-03-28T13:47:45+07:00"}
{"level":"info","msg":"MO","request":{"sms":"reg goaly token:","adn":"99790","msisdn":"62812923145122","channel":"","trx_id":"","http_segment_number":"","http_segment_count":"","ip_address":""},"time":"2023-03-28T13:49:43+07:00"}
{"level":"info","msg":"MO","request":{"sms":"reg goaly token:","adn":"99790","msisdn":"62812923145122","channel":"","trx_id":"","http_segment_number":"","http_segment_count":"","ip_address":""},"time":"2023-03-28T13:49:54+07:00"}
{"level":"info","msg":"MO","request":{"sms":"reg goaly token:","adn":"99790","msisdn":"62812923145123","channel":"","trx_id":"","http_segment_number":"","http_segment_count":"","ip_address":""},"time":"2023-03-28T13:50:01+07:00"}
{"level":"info","msg":"MO","request":{"sms":"reg goaly token:","adn":"99790","msisdn":"62812923145123","channel":"","trx_id":"","http_segment_number":"","http_segment_count":"","ip_address":""},"time":"2023-03-28T13:51:26+07:00"}
{"level":"info","msg":"MO","request":{"sms":"reg goaly token:","adn":"99790","msisdn":"62812923145123","channel":"","trx_id":"","http_segment_number":"","http_segment_count":"","ip_address":""},"time":"2023-03-28T13:51:47+07:00"}
{"level":"info","msg":"MO","request":{"sms":"reg goaly token:","adn":"99790","msisdn":"62812923145124","channel":"","trx_id":"","http_segment_number":"","http_segment_count":"","ip_address":""},"time":"2023-03-28T13:52:11+07:00"}
{"level":"info","msg":"MO","request":{"sms":"reg goaly token:","adn":"99790","msisdn":"62812923145124","channel":"","trx_id":"","http_segment_number":"","http_segment_count":"","ip_address":""},"time":"2023-03-28T13:57:45+07:00"}
{"level":"info","msg":"MO","request":{"sms":"reg goaly token:","adn":"99790","msisdn":"62812923145124","channel":"","trx_id":"","http_segment_number":"","http_segment_count":"","ip_address":""},"time":"2023-03-28T14:00:40+07:00"}
{"level":"info","msg":"MO","request":{"sms":"reg goaly token:","adn":"99790","msisdn":"62812923145124","channel":"","trx_id":"","http_segment_number":"","http_segment_count":"","ip_address":""},"time":"2023-03-28T14:00:45+07:00"}
