251740 200 - GET /goaly
251740 200 - GET /static/goaly/css/mdb.dark.min.css
251740 200 - GET /static/goaly/css/swiper-bundle.min.css
251740 304 - GET /static/goaly/css/style.css
251740 200 - GET /static/goaly/js/swiper-bundle.min.js
251740 200 - GET /static/goaly/img/banner.jpg
251740 200 - GET /static/goaly/img/loading.gif
251740 404 - GET /favicon.ico
456331 400 - GET /notif/mo
459069 200 - GET /notif/mo
490782 200 - GET /goaly
490782 200 - GET /static/goaly/img/prize-sepatu-futsal-hitam.png
490782 200 - GET /static/goaly/img/prize-topi-adidas.png
490782 200 - GET /static/goaly/img/prize-botol-adidas.png
490782 200 - GET /static/goaly/img/prize-jersey-mu.png
490782 200 - GET /static/goaly/img/prize-sepatu-futsal-biru.png
490782 200 - GET /static/goaly/img/prize-jaket-adidas.png
490782 200 - GET /static/goaly/img/how-to-1.jpg
490782 200 - GET /static/goaly/img/how-to-2.jpg
490782 200 - GET /static/goaly/img/how-to-3.jpg
490782 200 - GET /static/goaly/img/icon-score.png
490782 200 - GET /static/goaly/img/how-to-4.jpg
490782 200 - GET /static/goaly/img/icon-timeline.png
490782 200 - GET /static/goaly/img/icon-jersey.png
490782 200 - GET /static/goaly/img/icon-after-match.png
490782 200 - POST /goaly
490782 200 - GET /goaly
490782 404 - GET /term.html
495064 200 - GET /goaly
495064 200 - GET /static/goaly/css/mdb.dark.min.css
495064 200 - GET /static/goaly/css/swiper-bundle.min.css
495064 200 - GET /static/goaly/css/style.css
495064 200 - GET /static/goaly/js/swiper-bundle.min.js
495064 200 - GET /static/goaly/img/banner.jpg
495064 200 - GET /static/goaly/img/prize-sepatu-futsal-hitam.png
495064 200 - GET /static/goaly/img/prize-botol-adidas.png
495064 200 - GET /static/goaly/img/prize-topi-adidas.png
495064 200 - GET /static/goaly/img/prize-jersey-mu.png
495064 200 - GET /static/goaly/img/prize-jaket-adidas.png
495064 200 - GET /static/goaly/img/prize-sepatu-futsal-biru.png
495064 200 - GET /static/goaly/img/how-to-1.jpg
495064 200 - GET /static/goaly/img/how-to-2.jpg
495064 200 - GET /static/goaly/img/how-to-3.jpg
495064 200 - GET /static/goaly/img/how-to-4.jpg
495064 200 - GET /static/goaly/img/icon-score.png
495064 200 - GET /static/goaly/img/icon-after-match.png
495064 200 - GET /static/goaly/img/icon-jersey.png
495064 200 - GET /static/goaly/img/icon-timeline.png
495064 404 - GET /favicon.ico
495064 200 - GET /goaly
495064 200 - GET /static/goaly/css/mdb.dark.min.css
495064 200 - GET /static/goaly/css/swiper-bundle.min.css
495064 200 - GET /static/goaly/css/style.css
495064 200 - GET /static/goaly/js/swiper-bundle.min.js
495064 200 - GET /static/goaly/img/prize-sepatu-futsal-hitam.png
495064 200 - GET /static/goaly/img/banner.jpg
495064 200 - GET /static/goaly/img/prize-topi-adidas.png
495064 200 - GET /static/goaly/img/prize-botol-adidas.png
495064 200 - GET /static/goaly/img/prize-jersey-mu.png
495064 200 - GET /static/goaly/img/prize-jaket-adidas.png
495064 200 - GET /static/goaly/img/prize-sepatu-futsal-biru.png
495064 200 - GET /static/goaly/img/how-to-1.jpg
495064 200 - GET /static/goaly/img/how-to-2.jpg
495064 200 - GET /static/goaly/img/how-to-3.jpg
495064 200 - GET /static/goaly/img/how-to-4.jpg
495064 200 - GET /static/goaly/img/icon-score.png
495064 200 - GET /static/goaly/img/icon-timeline.png
495064 200 - GET /static/goaly/img/icon-jersey.png
495064 200 - GET /static/goaly/img/icon-after-match.png
495064 404 - GET /favicon.ico
495064 404 - GET /static/goaly/js/swiper-bundle.min.js.map
495064 200 - GET /goaly
503030 200 - GET /goaly
503030 200 - POST /goaly
503030 200 - GET /goaly
503030 200 - GET /goaly
503030 200 - GET /success
503030 404 - GET /mdb.dark.min.css
504663 200 - GET /success
504663 404 - GET /static/goaly/mdb.dark.min.css
504663 200 - GET /success
504663 404 - GET /static/goaly/mdb.dark.min.css
504663 200 - GET /success
504663 404 - GET /static/goaly/mdb.dark.min.css
504663 200 - GET /static/goaly/css/swiper-bundle.min.css
504663 200 - GET /static/goaly/css/style.css
504663 404 - GET /favicon.ico
504663 404 - GET /static/goaly/mdb.dark.min.css
504663 404 - GET /static/goaly/mdb.dark.min.css
504663 404 - GET /static/mdb.dark.min.css
528788 200 - GET /goaly
528788 404 - GET /favicon.ico
528788 404 - GET /term.html
528788 200 - GET /goaly/term
528788 404 - GET /goaly/static/goaly/css/mdb.dark.min.css
528788 404 - GET /goaly/static/goaly/css/swiper-bundle.min.css
528788 404 - GET /goaly/static/goaly/css/style.css
529779 200 - GET /goaly/term
529779 404 - GET /goaly/static/goaly/css/mdb.dark.min.css
529779 404 - GET /goaly/static/goaly/css/swiper-bundle.min.css
529779 404 - GET /goaly/static/goaly/css/style.css
529779 404 - GET /favicon.ico
529779 404 - GET /goaly/static/goaly/css/mdb.dark.min.css
529779 404 - GET /goaly/static/goaly/css/style.css
529779 200 - GET /goaly/term
529779 404 - GET /goaly/%7Bhost%7D/goaly
529779 404 - GET /goaly/static/goaly/css/mdb.dark.min.css
529779 404 - GET /goaly/css/mdb.dark.min.css
529779 200 - GET /success
529779 200 - GET /cancel
533103 200 - GET /goaly
533103 404 - GET /term
534295 200 - GET /term
534295 404 - GET /
