204476 200 - GET /goaly/unsub
204476 404 - GET /goaly/static/goaly/css/mdb.dark.min.css
204476 404 - GET /goaly/static/goaly/css/swiper-bundle.min.css
204476 404 - GET /goaly/static/goaly/css/style.css
204476 404 - GET /goaly/static/goaly/js/swiper-bundle.min.js
204476 404 - GET /goaly/static/goaly/img/banner.jpg
204476 404 - GET /favicon.ico
204476 200 - GET /goaly/unsub
204476 404 - GET /goaly/static/goaly/css/mdb.dark.min.css
204476 404 - GET /goaly/static/goaly/css/swiper-bundle.min.css
204476 404 - GET /goaly/static/goaly/css/style.css
204476 404 - GET /goaly/static/goaly/js/swiper-bundle.min.js
204476 404 - GET /goaly/static/goaly/img/banner.jpg
208210 200 - GET /goaly/unsub
208210 404 - GET /goaly/%7Bhost%7D/static/goaly/css/mdb.dark.min.css
208210 404 - GET /goaly/%7Bhost%7D/static/goaly/css/swiper-bundle.min.css
208210 404 - GET /goaly/%7Bhost%7D/static/goaly/css/style.css
208210 404 - GET /goaly/%7Bhost%7D/static/goaly/js/swiper-bundle.min.js
208210 404 - GET /goaly/%7Bhost%7D/static/goaly/img/banner.jpg
208210 200 - GET /goaly/unsub
208210 404 - GET /goaly/%7Bhost%7D/static/goaly/css/mdb.dark.min.css
208210 404 - GET /goaly/%7Bhost%7D/static/goaly/css/swiper-bundle.min.css
208210 404 - GET /goaly/%7Bhost%7D/static/goaly/css/style.css
208210 404 - GET /goaly/%7Bhost%7D/static/goaly/js/swiper-bundle.min.js
208210 404 - GET /goaly/%7Bhost%7D/static/goaly/img/banner.jpg
213536 200 - GET /goaly/unsub
213536 404 - GET /goaly/localhost/static/goaly/css/mdb.dark.min.css
213536 404 - GET /goaly/%7Bhost%7D/static/goaly/css/swiper-bundle.min.css
213536 404 - GET /goaly/%7Bhost%7D/static/goaly/css/style.css
213536 404 - GET /goaly/%7Bhost%7D/static/goaly/js/swiper-bundle.min.js
213536 404 - GET /goaly/%7Bhost%7D/static/goaly/img/banner.jpg
213536 200 - GET /goaly/unsub
214031 200 - GET /goaly/unsub
217960 200 - GET /goaly/unsub
218956 200 - GET /goaly/unsub
218956 200 - GET /goaly/unsub
218956 200 - GET /goaly/unsub
218956 200 - GET /goaly/unsub
218956 200 - GET /goaly/unsub
218956 200 - GET /goaly/unsub
218956 200 - GET /goaly/unsub
218956 200 - GET /goaly/unsub
218956 200 - GET /goaly/unsub
218956 200 - GET /goaly/unsub
218956 200 - GET /goaly/unsub
218956 200 - GET /goaly/unsub
218956 200 - GET /goaly/unsub
218956 200 - GET /goaly/unsub
218956 200 - GET /goaly/unsub
218956 200 - GET /goaly
218956 200 - GET /goaly
218956 200 - GET /goaly
218956 200 - GET /goaly
220888 200 - GET /goaly
220888 404 - GET /favicon.ico
220888 200 - GET /goaly
220888 404 - GET /localhost/static/goaly/css/mdb.dark.min.css
220888 404 - GET /localhost/static/goaly/css/swiper-bundle.min.css
220888 404 - GET /localhost/static/goaly/css/style.css
220888 404 - GET /localhost/static/goaly/js/swiper-bundle.min.js
220888 404 - GET /localhost/static/goaly/img/banner.jpg
220888 404 - GET /localhost/static/goaly/img/prize-sepatu-futsal-hitam.png
220888 404 - GET /localhost/static/goaly/img/prize-topi-adidas.png
220888 404 - GET /localhost/static/goaly/img/prize-jersey-mu.png
220888 404 - GET /localhost/static/goaly/img/prize-botol-adidas.png
220888 404 - GET /localhost/static/goaly/img/prize-jaket-adidas.png
220888 404 - GET /localhost/static/goaly/img/prize-sepatu-futsal-biru.png
220888 404 - GET /localhost/static/goaly/img/how-to-3.jpg
220888 404 - GET /localhost/static/goaly/img/how-to-2.jpg
220888 404 - GET /localhost/static/goaly/img/how-to-1.jpg
220888 404 - GET /localhost/static/goaly/img/how-to-4.jpg
220888 404 - GET /localhost/static/goaly/img/icon-score.png
220888 404 - GET /localhost/static/goaly/img/icon-timeline.png
220888 404 - GET /localhost/static/goaly/img/icon-after-match.png
220888 404 - GET /localhost/static/goaly/img/icon-jersey.png
601097 200 - GET /notif/mo
601097 200 - GET /notif/mo
601097 200 - GET /notif/mo
601097 200 - GET /notif/mo
601097 200 - GET /notif/mo
618052 200 - GET /notif/mo
618052 200 - GET /notif/mo
618052 200 - GET /notif/mo
618052 200 - GET /notif/mo
618052 200 - GET /notif/mo
618052 200 - GET /notif/mo
618052 200 - GET /notif/mo
618052 200 - GET /notif/mo
