288483 200 - GET /goaly
288483 200 - GET /static/goaly/css/mdb.dark.min.css
288483 200 - GET /static/goaly/img/banner.jpg
288483 200 - GET /static/goaly/img/prize-topi-adidas.png
288483 304 - GET /static/goaly/css/style.css
288483 304 - GET /static/goaly/img/prize-sepatu-futsal-hitam.png
288483 200 - GET /static/goaly/img/prize-jersey-mu.png
288483 200 - GET /static/goaly/img/prize-jaket-adidas.png
288483 304 - GET /static/goaly/img/prize-botol-adidas.png
288483 200 - GET /static/goaly/img/how-to-1.jpg
288483 304 - GET /static/goaly/img/prize-sepatu-futsal-biru.png
288483 304 - GET /static/goaly/img/how-to-2.jpg
288483 304 - GET /static/goaly/img/how-to-3.jpg
288483 304 - GET /static/goaly/img/how-to-4.jpg
288483 304 - GET /static/goaly/img/icon-score.png
288483 304 - GET /static/goaly/img/icon-timeline.png
288483 304 - GET /static/goaly/img/icon-jersey.png
288483 200 - GET /static/goaly/js/swiper-bundle.min.js
288483 304 - GET /static/goaly/img/icon-after-match.png
288483 500 - GET /term
288483 404 - GET /favicon.ico
288483 404 - GET /goaly/term
288483 500 - GET /term
290735 200 - GET /term
290735 200 - GET /term
291296 200 - GET /term
291296 200 - GET /term
291296 200 - GET /term
317170 200 - GET /goaly
318222 200 - GET /term
318222 200 - GET /term
90765 200 - GET /notif/mo
90765 200 - GET /notif/mo
90765 200 - GET /notif/mo
90765 200 - GET /notif/mo
90765 200 - GET /notif/mo
90765 200 - GET /notif/mo
135695 200 - GET /notif/mo
137323 200 - GET /notif/mo
139150 200 - GET /notif/mo
140357 200 - GET /notif/mo
140357 200 - GET /notif/mo
144185 200 - GET /notif/mo
151543 200 - GET /notif/mo
151543 200 - GET /notif/mo
155573 200 - GET /notif/mo
155573 200 - GET /notif/mo
155573 200 - GET /notif/mo
155573 200 - GET /notif/mo
155573 200 - GET /notif/mo
155573 200 - GET /notif/mo
155573 200 - GET /notif/mo
155573 200 - GET /notif/mo
155573 200 - GET /notif/mo
155573 200 - GET /notif/mo
155573 200 - GET /notif/mo
155573 200 - GET /notif/mo
155573 200 - GET /notif/mo
155573 200 - GET /notif/mo
155573 200 - GET /notif/mo
155573 200 - GET /notif/mo
155573 200 - GET /notif/mo
155573 200 - GET /notif/mo
155573 200 - GET /notif/mo
155573 200 - GET /notif/mo
238822 200 - GET /notif/mo
238822 200 - GET /notif/mo
238822 200 - GET /notif/mo
238822 200 - GET /notif/mo
238822 200 - GET /notif/mo
238822 200 - GET /notif/mo
238822 200 - GET /notif/mo
238822 200 - GET /notif/mo
238822 200 - GET /notif/mo
238822 200 - GET /notif/mo
238822 200 - GET /notif/mo
238822 200 - GET /notif/mo
238822 200 - GET /notif/mo
238822 200 - GET /notif/mo
238822 200 - GET /notif/mo
238822 200 - GET /notif/mo
238822 200 - GET /notif/mo
238822 200 - GET /notif/mo
238822 200 - GET /notif/mo
238822 200 - GET /notif/mo
238822 200 - GET /notif/mo
238822 200 - GET /notif/mo
238822 200 - GET /notif/mo
238822 200 - GET /notif/mo
238822 200 - GET /notif/mo
238822 200 - GET /notif/mo
238822 200 - GET /notif/mo
238822 200 - GET /notif/mo
238822 200 - GET /notif/mo
238822 200 - GET /notif/mo
238822 200 - GET /notif/mo
238822 200 - GET /notif/mo
238822 200 - GET /notif/mo
238822 200 - GET /notif/mo
238822 200 - GET /notif/mo
238822 200 - GET /notif/mo
238822 200 - GET /notif/mo
238822 200 - GET /notif/mo
238822 200 - GET /notif/mo
238822 200 - GET /notif/mo
238822 200 - GET /notif/mo
238822 200 - GET /notif/mo
238822 200 - GET /notif/mo
238822 200 - GET /notif/mo
238822 200 - GET /notif/mo
238822 200 - GET /notif/mo
238822 200 - GET /notif/mo
238822 200 - GET /notif/mo
238822 200 - GET /notif/mo
238822 200 - GET /notif/mo
238822 200 - GET /notif/mo
238822 200 - GET /notif/mo
238822 200 - GET /notif/mo
238822 200 - GET /notif/mo
238822 200 - GET /notif/mo
238822 200 - GET /notif/mo
238822 200 - GET /notif/mo
238822 200 - GET /notif/mo
238822 200 - GET /notif/mo
238822 200 - GET /notif/mo
238822 200 - GET /notif/mo
238822 200 - GET /notif/mo
238822 200 - GET /notif/mo
238822 200 - GET /notif/mo
238822 200 - GET /notif/mo
238822 200 - GET /notif/mo
238822 200 - GET /notif/mo
238822 200 - GET /notif/mo
238822 200 - GET /notif/mo
238822 200 - GET /notif/mo
238822 200 - GET /notif/mo
238822 200 - GET /notif/mo
238822 200 - GET /notif/mo
238822 200 - GET /notif/mo
238822 200 - GET /notif/mo
238822 200 - GET /notif/mo
238822 200 - GET /notif/mo
238822 200 - GET /notif/mo
238822 200 - GET /notif/mo
238822 200 - GET /notif/mo
238822 200 - GET /notif/mo
238822 200 - GET /notif/mo
238822 200 - GET /notif/mo
