188667 200 - GET /notif/mo
188667 200 - GET /notif/mo
188667 200 - GET /notif/mo
188667 200 - GET /notif/mo
188667 200 - GET /notif/mo
188667 200 - GET /notif/mo
188667 200 - GET /notif/mo
188667 200 - GET /notif/mo
188667 200 - GET /notif/mo
188667 200 - GET /notif/mo
188667 200 - GET /notif/mo
188667 200 - GET /notif/mo
188667 200 - GET /notif/mo
188667 200 - GET /notif/mo
329475 200 - GET /goaly
329475 200 - GET /static/goaly/css/mdb.dark.min.css
329475 200 - GET /static/goaly/css/swiper-bundle.min.css
329475 304 - GET /static/goaly/css/style.css
329475 200 - GET /static/goaly/js/swiper-bundle.min.js
329475 200 - GET /static/goaly/img/banner.jpg
329475 200 - GET /static/goaly/img/prize-sepatu-futsal-hitam.png
329475 200 - GET /static/goaly/img/prize-topi-adidas.png
329475 200 - GET /static/goaly/img/prize-jersey-mu.png
329475 200 - GET /static/goaly/img/prize-botol-adidas.png
329475 200 - GET /static/goaly/img/prize-jaket-adidas.png
329475 200 - GET /static/goaly/img/prize-sepatu-futsal-biru.png
329475 200 - GET /static/goaly/img/how-to-1.jpg
329475 200 - GET /static/goaly/img/how-to-2.jpg
329475 200 - GET /static/goaly/img/how-to-3.jpg
329475 200 - GET /static/goaly/img/how-to-4.jpg
329475 200 - GET /static/goaly/img/icon-score.png
329475 200 - GET /static/goaly/img/icon-timeline.png
329475 200 - GET /static/goaly/img/icon-jersey.png
329475 200 - GET /static/goaly/img/icon-after-match.png
329475 404 - GET /favicon.ico
360507 200 - GET /goaly
360507 404 - GET /static/goaly/js/swiper-bundle.min.js.map
360507 404 - GET /favicon.ico
360507 200 - POST /goaly
360507 200 - GET /goaly
360507 404 - GET /static/goaly/js/swiper-bundle.min.js.map
380806 200 - GET /goaly
380806 404 - GET /static/goaly/js/swiper-bundle.min.js.map
380806 200 - POST /goaly
481320 200 - GET /notif/mo
481320 200 - GET /notif/mo
481320 200 - GET /notif/mo
481320 200 - GET /notif/mo
508222 200 - GET /notif/mo
511076 200 - GET /notif/mo
511076 200 - GET /success
511076 200 - GET /success
511076 200 - GET /static/goaly/css/mdb.dark.min.css
511076 200 - GET /static/goaly/css/swiper-bundle.min.css
511076 200 - GET /static/goaly/css/style.css
511076 404 - GET /favicon.ico
511076 404 - GET /cloudplay
